<?xml version="1.0" encoding="UTF-8"?>
<testsuite xmlns:xsi="http://www.w3.org/2001/XMLSchema-instance" xsi:noNamespaceSchemaLocation="https://maven.apache.org/surefire/maven-surefire-plugin/xsd/surefire-test-report-3.0.xsd" version="3.0" name="theinternet.UploadFileTests" time="7.88" tests="2" errors="0" skipped="0" failures="0">
  <properties>
[...]
</properties>
  <testcase name="uploadFileByTextAfterUploadTest" classname="theinternet.UploadFileTests" time="3.889">
    <system-out><![CDATA[19:17:37.488 [main] INFO  theinternet.utils.MyListener.beforeGet - Open url - https://the-internet.herokuapp.com
19:17:39.395 [main] INFO  theinternet.core.TestBase.setUp - Start test uploadFileByTextAfterUploadTest() with data:{}
19:17:39.416 [main] INFO  theinternet.utils.MyListener.afterFindElement - Element Decorated {[[ChromeDriver: chrome on windows (e183747ae3bcee597fecb309ab553b25)] -> css selector: a[href='/upload']]} found
19:17:39.416 [main] INFO  theinternet.utils.MyListener.beforeClick - We have to click on element [[ChromeDriver: chrome on windows (e183747ae3bcee597fecb309ab553b25)] -> css selector: a[href='/upload']]
19:17:39.803 [main] INFO  theinternet.utils.MyListener.afterClick - We clicked on element[[ChromeDriver: chrome on windows (e183747ae3bcee597fecb309ab553b25)] -> css selector: a[href='/upload']]
19:17:39.812 [main] INFO  theinternet.utils.MyListener.afterFindElement - Element Decorated {[[ChromeDriver: chrome on windows (e183747ae3bcee597fecb309ab553b25)] -> id: file-upload]} found
19:17:39.844 [main] INFO  theinternet.utils.MyListener.afterSendKeys - We sendKeys  to element [[ChromeDriver: chrome on windows (e183747ae3bcee597fecb309ab553b25)] -> id: file-upload]
19:17:39.870 [main] INFO  theinternet.utils.MyListener.afterFindElement - Element Decorated {[[ChromeDriver: chrome on windows (e183747ae3bcee597fecb309ab553b25)] -> id: file-submit]} found
19:17:39.870 [main] INFO  theinternet.utils.MyListener.beforeClick - We have to click on element [[ChromeDriver: chrome on windows (e183747ae3bcee597fecb309ab553b25)] -> id: file-submit]
19:17:40.351 [main] INFO  theinternet.utils.MyListener.afterClick - We clicked on element[[ChromeDriver: chrome on windows (e183747ae3bcee597fecb309ab553b25)] -> id: file-submit]
19:17:40.363 [main] INFO  theinternet.utils.MyListener.afterFindElement - Element Decorated {[[ChromeDriver: chrome on windows (e183747ae3bcee597fecb309ab553b25)] -> css selector: h3]} found
19:17:40.386 [main] INFO  theinternet.core.TestBase.stopTest - Stop test
19:17:40.387 [main] INFO  theinternet.core.TestBase.stopTest - ==================================================
]]></system-out>
    <system-err><![CDATA[Aug 13, 2025 7:17:36 PM org.openqa.selenium.manager.SeleniumManager lambda$runCommand$1
WARNING: The chromedriver version (138.0.7204.49) detected in PATH at C:\Tools\chromedriver.exe might not be compatible with the detected chrome version (139.0.7258.67); currently, chromedriver 139.0.7258.68 is recommended for chrome 139.*, so it is advised to delete the driver in PATH and retry
Aug 13, 2025 7:17:37 PM org.openqa.selenium.devtools.CdpVersionFinder findNearestMatch
WARNING: Unable to find an exact match for CDP version 139, returning the closest version; found: 138; Please update to a Selenium version that supports CDP version 139
]]></system-err>
  </testcase>
  <testcase name="uploadFileByNameFileTest" classname="theinternet.UploadFileTests" time="3.836">
    <system-out><![CDATA[19:17:41.202 [main] INFO  theinternet.utils.MyListener.beforeGet - Open url - https://the-internet.herokuapp.com
19:17:43.240 [main] INFO  theinternet.core.TestBase.setUp - Start test uploadFileByNameFileTest() with data:{}
19:17:43.267 [main] INFO  theinternet.utils.MyListener.afterFindElement - Element Decorated {[[ChromeDriver: chrome on windows (5f8cd16d1db42d4953a42fa77c8c3d5d)] -> css selector: a[href='/upload']]} found
19:17:43.267 [main] INFO  theinternet.utils.MyListener.beforeClick - We have to click on element [[ChromeDriver: chrome on windows (5f8cd16d1db42d4953a42fa77c8c3d5d)] -> css selector: a[href='/upload']]
19:17:43.641 [main] INFO  theinternet.utils.MyListener.afterClick - We clicked on element[[ChromeDriver: chrome on windows (5f8cd16d1db42d4953a42fa77c8c3d5d)] -> css selector: a[href='/upload']]
19:17:43.646 [main] INFO  theinternet.utils.MyListener.afterFindElement - Element Decorated {[[ChromeDriver: chrome on windows (5f8cd16d1db42d4953a42fa77c8c3d5d)] -> id: file-upload]} found
19:17:43.678 [main] INFO  theinternet.utils.MyListener.afterSendKeys - We sendKeys  to element [[ChromeDriver: chrome on windows (5f8cd16d1db42d4953a42fa77c8c3d5d)] -> id: file-upload]
19:17:43.703 [main] INFO  theinternet.utils.MyListener.afterFindElement - Element Decorated {[[ChromeDriver: chrome on windows (5f8cd16d1db42d4953a42fa77c8c3d5d)] -> id: file-submit]} found
19:17:43.703 [main] INFO  theinternet.utils.MyListener.beforeClick - We have to click on element [[ChromeDriver: chrome on windows (5f8cd16d1db42d4953a42fa77c8c3d5d)] -> id: file-submit]
19:17:44.186 [main] INFO  theinternet.utils.MyListener.afterClick - We clicked on element[[ChromeDriver: chrome on windows (5f8cd16d1db42d4953a42fa77c8c3d5d)] -> id: file-submit]
19:17:44.198 [main] INFO  theinternet.utils.MyListener.afterFindElement - Element Decorated {[[ChromeDriver: chrome on windows (5f8cd16d1db42d4953a42fa77c8c3d5d)] -> id: uploaded-files]} found
19:17:44.223 [main] INFO  theinternet.core.TestBase.stopTest - Stop test
19:17:44.224 [main] INFO  theinternet.core.TestBase.stopTest - ==================================================
]]></system-out>
    <system-err><![CDATA[Aug 13, 2025 7:17:40 PM org.openqa.selenium.manager.SeleniumManager lambda$runCommand$1
WARNING: The chromedriver version (138.0.7204.49) detected in PATH at C:\Tools\chromedriver.exe might not be compatible with the detected chrome version (139.0.7258.67); currently, chromedriver 139.0.7258.68 is recommended for chrome 139.*, so it is advised to delete the driver in PATH and retry
Aug 13, 2025 7:17:41 PM org.openqa.selenium.devtools.CdpVersionFinder findNearestMatch
WARNING: Unable to find an exact match for CDP version 139, returning the closest version; found: 138; Please update to a Selenium version that supports CDP version 139
]]></system-err>
  </testcase>
</testsuite>