<?xml version="1.0" encoding="UTF-8"?>
<testsuite xmlns:xsi="http://www.w3.org/2001/XMLSchema-instance" xsi:noNamespaceSchemaLocation="https://maven.apache.org/surefire/maven-surefire-plugin/xsd/surefire-test-report-3.0.xsd" version="3.0" name="theinternet.JavaScriptAlertsTests" time="9.473" tests="3" errors="0" skipped="0" failures="0">
  <properties>
[...]
</properties>
  <testcase name="alertWithSelectResultTest" classname="theinternet.JavaScriptAlertsTests" time="3.107">
    <system-out><![CDATA[19:17:19.090 [main] INFO  theinternet.utils.MyListener.beforeGet - Open url - https://the-internet.herokuapp.com
19:17:20.869 [main] INFO  theinternet.core.TestBase.setUp - Start test Verify to -'Ok' is displayed with data:{}
19:17:20.902 [main] INFO  theinternet.utils.MyListener.afterFindElement - Element Decorated {[[ChromeDriver: chrome on windows (4e48147fa81824fcea295ff966f176ea)] -> xpath: //a[text()='JavaScript Alerts']]} found
19:17:20.902 [main] INFO  theinternet.utils.MyListener.beforeClick - We have to click on element [[ChromeDriver: chrome on windows (4e48147fa81824fcea295ff966f176ea)] -> xpath: //a[text()='JavaScript Alerts']]
19:17:21.172 [main] INFO  theinternet.utils.MyListener.afterClick - We clicked on element[[ChromeDriver: chrome on windows (4e48147fa81824fcea295ff966f176ea)] -> xpath: //a[text()='JavaScript Alerts']]
19:17:21.195 [main] INFO  theinternet.utils.MyListener.afterFindElement - Element Decorated {[[ChromeDriver: chrome on windows (4e48147fa81824fcea295ff966f176ea)] -> xpath: (//div[@class='example']//button)[1]]} found
19:17:21.195 [main] INFO  theinternet.utils.MyListener.beforeClick - We have to click on element [[ChromeDriver: chrome on windows (4e48147fa81824fcea295ff966f176ea)] -> xpath: (//div[@class='example']//button)[1]]
19:17:21.267 [main] INFO  theinternet.utils.MyListener.afterClick - We clicked on element[[ChromeDriver: chrome on windows (4e48147fa81824fcea295ff966f176ea)] -> xpath: (//div[@class='example']//button)[1]]
19:17:21.283 [main] INFO  theinternet.utils.MyListener.afterFindElement - Element Decorated {[[ChromeDriver: chrome on windows (4e48147fa81824fcea295ff966f176ea)] -> xpath: //button[@onclick='jsConfirm()']]} found
19:17:21.283 [main] INFO  theinternet.utils.MyListener.beforeClick - We have to click on element [[ChromeDriver: chrome on windows (4e48147fa81824fcea295ff966f176ea)] -> xpath: //button[@onclick='jsConfirm()']]
19:17:21.346 [main] INFO  theinternet.utils.MyListener.afterClick - We clicked on element[[ChromeDriver: chrome on windows (4e48147fa81824fcea295ff966f176ea)] -> xpath: //button[@onclick='jsConfirm()']]
19:17:21.365 [main] INFO  theinternet.utils.MyListener.afterFindElement - Element Decorated {[[ChromeDriver: chrome on windows (4e48147fa81824fcea295ff966f176ea)] -> id: result]} found
19:17:21.380 [main] INFO  theinternet.core.TestBase.stopTest - Stop test
19:17:21.380 [main] INFO  theinternet.core.TestBase.stopTest - ==================================================
]]></system-out>
    <system-err><![CDATA[Aug 13, 2025 7:17:18 PM org.openqa.selenium.manager.SeleniumManager lambda$runCommand$1
WARNING: The chromedriver version (138.0.7204.49) detected in PATH at C:\Tools\chromedriver.exe might not be compatible with the detected chrome version (139.0.7258.67); currently, chromedriver 139.0.7258.68 is recommended for chrome 139.*, so it is advised to delete the driver in PATH and retry
Aug 13, 2025 7:17:19 PM org.openqa.selenium.devtools.CdpVersionFinder findNearestMatch
WARNING: Unable to find an exact match for CDP version 139, returning the closest version; found: 138; Please update to a Selenium version that supports CDP version 139
]]></system-err>
  </testcase>
  <testcase name="verifyJSAlertTextAndAccept" classname="theinternet.JavaScriptAlertsTests" time="3.33">
    <system-out><![CDATA[19:17:22.410 [main] INFO  theinternet.utils.MyListener.beforeGet - Open url - https://the-internet.herokuapp.com
19:17:24.230 [main] INFO  theinternet.core.TestBase.setUp - Start test verifyJSAlertTextAndAccept() with data:{}
19:17:24.256 [main] INFO  theinternet.utils.MyListener.afterFindElement - Element Decorated {[[ChromeDriver: chrome on windows (72e4efb1d75646d4e8ad84470449aa06)] -> xpath: //a[text()='JavaScript Alerts']]} found
19:17:24.262 [main] INFO  theinternet.utils.MyListener.beforeClick - We have to click on element [[ChromeDriver: chrome on windows (72e4efb1d75646d4e8ad84470449aa06)] -> xpath: //a[text()='JavaScript Alerts']]
19:17:24.552 [main] INFO  theinternet.utils.MyListener.afterClick - We clicked on element[[ChromeDriver: chrome on windows (72e4efb1d75646d4e8ad84470449aa06)] -> xpath: //a[text()='JavaScript Alerts']]
19:17:24.562 [main] INFO  theinternet.utils.MyListener.afterFindElement - Element Decorated {[[ChromeDriver: chrome on windows (72e4efb1d75646d4e8ad84470449aa06)] -> xpath: (//div[@class='example']//button)[1]]} found
19:17:24.562 [main] INFO  theinternet.utils.MyListener.beforeClick - We have to click on element [[ChromeDriver: chrome on windows (72e4efb1d75646d4e8ad84470449aa06)] -> xpath: (//div[@class='example']//button)[1]]
19:17:24.637 [main] INFO  theinternet.utils.MyListener.afterClick - We clicked on element[[ChromeDriver: chrome on windows (72e4efb1d75646d4e8ad84470449aa06)] -> xpath: (//div[@class='example']//button)[1]]
19:17:24.690 [main] INFO  theinternet.utils.MyListener.afterFindElement - Element Decorated {[[ChromeDriver: chrome on windows (72e4efb1d75646d4e8ad84470449aa06)] -> id: result]} found
19:17:24.695 [main] INFO  theinternet.core.TestBase.stopTest - Stop test
19:17:24.695 [main] INFO  theinternet.core.TestBase.stopTest - ==================================================
]]></system-out>
    <system-err><![CDATA[Aug 13, 2025 7:17:21 PM org.openqa.selenium.manager.SeleniumManager lambda$runCommand$1
WARNING: The chromedriver version (138.0.7204.49) detected in PATH at C:\Tools\chromedriver.exe might not be compatible with the detected chrome version (139.0.7258.67); currently, chromedriver 139.0.7258.68 is recommended for chrome 139.*, so it is advised to delete the driver in PATH and retry
Aug 13, 2025 7:17:22 PM org.openqa.selenium.devtools.CdpVersionFinder findNearestMatch
WARNING: Unable to find an exact match for CDP version 139, returning the closest version; found: 138; Please update to a Selenium version that supports CDP version 139
]]></system-err>
  </testcase>
  <testcase name="sendMessageToAlertTest" classname="theinternet.JavaScriptAlertsTests" time="2.894">
    <system-out><![CDATA[19:17:25.526 [main] INFO  theinternet.utils.MyListener.beforeGet - Open url - https://the-internet.herokuapp.com
19:17:27.147 [main] INFO  theinternet.core.TestBase.setUp - Start test sendMessageToAlertTest() with data:{}
19:17:27.176 [main] INFO  theinternet.utils.MyListener.afterFindElement - Element Decorated {[[ChromeDriver: chrome on windows (d6ef76f0f941d629b7f2daec65798776)] -> xpath: //a[text()='JavaScript Alerts']]} found
19:17:27.177 [main] INFO  theinternet.utils.MyListener.beforeClick - We have to click on element [[ChromeDriver: chrome on windows (d6ef76f0f941d629b7f2daec65798776)] -> xpath: //a[text()='JavaScript Alerts']]
19:17:27.471 [main] INFO  theinternet.utils.MyListener.afterClick - We clicked on element[[ChromeDriver: chrome on windows (d6ef76f0f941d629b7f2daec65798776)] -> xpath: //a[text()='JavaScript Alerts']]
19:17:27.489 [main] INFO  theinternet.utils.MyListener.afterFindElement - Element Decorated {[[ChromeDriver: chrome on windows (d6ef76f0f941d629b7f2daec65798776)] -> xpath: //button[@onclick='jsPrompt()']]} found
19:17:27.489 [main] INFO  theinternet.utils.MyListener.beforeClick - We have to click on element [[ChromeDriver: chrome on windows (d6ef76f0f941d629b7f2daec65798776)] -> xpath: //button[@onclick='jsPrompt()']]
19:17:27.556 [main] INFO  theinternet.utils.MyListener.afterClick - We clicked on element[[ChromeDriver: chrome on windows (d6ef76f0f941d629b7f2daec65798776)] -> xpath: //button[@onclick='jsPrompt()']]
19:17:27.582 [main] INFO  theinternet.utils.MyListener.afterFindElement - Element Decorated {[[ChromeDriver: chrome on windows (d6ef76f0f941d629b7f2daec65798776)] -> id: result]} found
19:17:27.603 [main] INFO  theinternet.core.TestBase.stopTest - Stop test
19:17:27.603 [main] INFO  theinternet.core.TestBase.stopTest - ==================================================
]]></system-out>
    <system-err><![CDATA[Aug 13, 2025 7:17:24 PM org.openqa.selenium.manager.SeleniumManager lambda$runCommand$1
WARNING: The chromedriver version (138.0.7204.49) detected in PATH at C:\Tools\chromedriver.exe might not be compatible with the detected chrome version (139.0.7258.67); currently, chromedriver 139.0.7258.68 is recommended for chrome 139.*, so it is advised to delete the driver in PATH and retry
Aug 13, 2025 7:17:25 PM org.openqa.selenium.devtools.CdpVersionFinder findNearestMatch
WARNING: Unable to find an exact match for CDP version 139, returning the closest version; found: 138; Please update to a Selenium version that supports CDP version 139
]]></system-err>
  </testcase>
</testsuite>